{"C:\\Users\\gerar\\Documents\\CS\\CS 394\\SafeSplit\\src\\index.jsx": {"path":"C:\\Users\\gerar\\Documents\\CS\\CS 394\\SafeSplit\\src\\index.jsx","all":true,"statementMap":{"0":{"start":{"line":1,"column":0},"end":{"line":1,"column":26}},"1":{"start":{"line":2,"column":0},"end":{"line":2,"column":40}},"2":{"start":{"line":3,"column":0},"end":{"line":3,"column":21}},"3":{"start":{"line":4,"column":0},"end":{"line":4,"column":39}},"4":{"start":{"line":5,"column":0},"end":{"line":5,"column":0}},"5":{"start":{"line":6,"column":0},"end":{"line":6,"column":66}},"6":{"start":{"line":7,"column":0},"end":{"line":7,"column":0}},"7":{"start":{"line":8,"column":0},"end":{"line":8,"column":12}},"8":{"start":{"line":9,"column":0},"end":{"line":9,"column":20}},"9":{"start":{"line":10,"column":0},"end":{"line":10,"column":11}},"10":{"start":{"line":11,"column":0},"end":{"line":11,"column":21}},"11":{"start":{"line":12,"column":0},"end":{"line":12,"column":2}}},"s":{"0":0,"1":0,"2":0,"3":0,"4":0,"5":0,"6":0,"7":0,"8":0,"9":0,"10":0,"11":0},"branchMap":{"0":{"type":"branch","line":1,"loc":{"start":{"line":1,"column":280},"end":{"line":12,"column":2}},"locations":[{"start":{"line":1,"column":280},"end":{"line":12,"column":2}}]}},"b":{"0":[0]},"fnMap":{"0":{"name":"(empty-report)","decl":{"start":{"line":1,"column":280},"end":{"line":12,"column":2}},"loc":{"start":{"line":1,"column":280},"end":{"line":12,"column":2}},"line":1}},"f":{"0":0}}
,"C:\\Users\\gerar\\Documents\\CS\\CS 394\\SafeSplit\\src\\components\\App\\App.jsx": {"path":"C:\\Users\\gerar\\Documents\\CS\\CS 394\\SafeSplit\\src\\components\\App\\App.jsx","all":false,"statementMap":{"0":{"start":{"line":1,"column":0},"end":{"line":1,"column":33}},"1":{"start":{"line":2,"column":0},"end":{"line":2,"column":68}},"2":{"start":{"line":3,"column":0},"end":{"line":3,"column":34}},"3":{"start":{"line":4,"column":0},"end":{"line":4,"column":48}},"4":{"start":{"line":5,"column":0},"end":{"line":5,"column":54}},"5":{"start":{"line":6,"column":0},"end":{"line":6,"column":58}},"6":{"start":{"line":7,"column":0},"end":{"line":7,"column":19}},"7":{"start":{"line":8,"column":0},"end":{"line":8,"column":42}},"8":{"start":{"line":9,"column":0},"end":{"line":9,"column":50}},"9":{"start":{"line":10,"column":0},"end":{"line":10,"column":0}},"10":{"start":{"line":11,"column":0},"end":{"line":11,"column":19}},"11":{"start":{"line":12,"column":0},"end":{"line":12,"column":52}},"12":{"start":{"line":13,"column":0},"end":{"line":13,"column":17}},"13":{"start":{"line":14,"column":0},"end":{"line":14,"column":16}},"14":{"start":{"line":15,"column":0},"end":{"line":15,"column":5}},"15":{"start":{"line":16,"column":0},"end":{"line":16,"column":44}},"16":{"start":{"line":17,"column":0},"end":{"line":17,"column":58}},"17":{"start":{"line":18,"column":0},"end":{"line":18,"column":0}},"18":{"start":{"line":19,"column":0},"end":{"line":19,"column":31}},"19":{"start":{"line":20,"column":0},"end":{"line":20,"column":35}},"20":{"start":{"line":21,"column":0},"end":{"line":21,"column":0}},"21":{"start":{"line":22,"column":0},"end":{"line":22,"column":25}},"22":{"start":{"line":23,"column":0},"end":{"line":23,"column":0}},"23":{"start":{"line":24,"column":0},"end":{"line":24,"column":15}},"24":{"start":{"line":25,"column":0},"end":{"line":25,"column":3}},"25":{"start":{"line":26,"column":0},"end":{"line":26,"column":0}},"26":{"start":{"line":27,"column":0},"end":{"line":27,"column":19}},"27":{"start":{"line":28,"column":0},"end":{"line":28,"column":13}},"28":{"start":{"line":29,"column":0},"end":{"line":29,"column":9}},"29":{"start":{"line":30,"column":0},"end":{"line":30,"column":0}},"30":{"start":{"line":31,"column":0},"end":{"line":31,"column":26}},"31":{"start":{"line":32,"column":0},"end":{"line":32,"column":28}},"32":{"start":{"line":33,"column":0},"end":{"line":33,"column":0}},"33":{"start":{"line":34,"column":0},"end":{"line":34,"column":59}},"34":{"start":{"line":35,"column":0},"end":{"line":35,"column":25}},"35":{"start":{"line":36,"column":0},"end":{"line":36,"column":15}},"36":{"start":{"line":37,"column":0},"end":{"line":37,"column":50}},"37":{"start":{"line":38,"column":0},"end":{"line":38,"column":16}},"38":{"start":{"line":39,"column":0},"end":{"line":39,"column":56}},"39":{"start":{"line":40,"column":0},"end":{"line":40,"column":66}},"40":{"start":{"line":41,"column":0},"end":{"line":41,"column":23}},"41":{"start":{"line":42,"column":0},"end":{"line":42,"column":17}},"42":{"start":{"line":43,"column":0},"end":{"line":43,"column":21}},"43":{"start":{"line":44,"column":0},"end":{"line":44,"column":9}},"44":{"start":{"line":45,"column":0},"end":{"line":45,"column":6}},"45":{"start":{"line":46,"column":0},"end":{"line":46,"column":0}},"46":{"start":{"line":47,"column":0},"end":{"line":47,"column":46}},"47":{"start":{"line":48,"column":0},"end":{"line":48,"column":21}},"48":{"start":{"line":49,"column":0},"end":{"line":49,"column":19}},"49":{"start":{"line":50,"column":0},"end":{"line":50,"column":18}},"50":{"start":{"line":51,"column":0},"end":{"line":51,"column":7}},"51":{"start":{"line":52,"column":0},"end":{"line":52,"column":3}},"52":{"start":{"line":53,"column":0},"end":{"line":53,"column":0}},"53":{"start":{"line":54,"column":0},"end":{"line":54,"column":41}},"54":{"start":{"line":55,"column":0},"end":{"line":55,"column":37}},"55":{"start":{"line":56,"column":0},"end":{"line":56,"column":0}},"56":{"start":{"line":57,"column":0},"end":{"line":57,"column":46}},"57":{"start":{"line":58,"column":0},"end":{"line":58,"column":0}},"58":{"start":{"line":59,"column":0},"end":{"line":59,"column":74}},"59":{"start":{"line":60,"column":0},"end":{"line":60,"column":30}},"60":{"start":{"line":61,"column":0},"end":{"line":61,"column":27}},"61":{"start":{"line":62,"column":0},"end":{"line":62,"column":24}},"62":{"start":{"line":63,"column":0},"end":{"line":63,"column":0}},"63":{"start":{"line":64,"column":0},"end":{"line":64,"column":44}},"64":{"start":{"line":65,"column":0},"end":{"line":65,"column":52}},"65":{"start":{"line":66,"column":0},"end":{"line":66,"column":0}},"66":{"start":{"line":67,"column":0},"end":{"line":67,"column":10}},"67":{"start":{"line":68,"column":0},"end":{"line":68,"column":20}},"68":{"start":{"line":69,"column":0},"end":{"line":69,"column":11}},"69":{"start":{"line":70,"column":0},"end":{"line":70,"column":48}},"70":{"start":{"line":71,"column":0},"end":{"line":71,"column":19}},"71":{"start":{"line":72,"column":0},"end":{"line":72,"column":19}},"72":{"start":{"line":73,"column":0},"end":{"line":73,"column":41}},"73":{"start":{"line":74,"column":0},"end":{"line":74,"column":44}},"74":{"start":{"line":75,"column":0},"end":{"line":75,"column":31}},"75":{"start":{"line":76,"column":0},"end":{"line":76,"column":24}},"76":{"start":{"line":77,"column":0},"end":{"line":77,"column":30}},"77":{"start":{"line":78,"column":0},"end":{"line":78,"column":23}},"78":{"start":{"line":79,"column":0},"end":{"line":79,"column":12}},"79":{"start":{"line":80,"column":0},"end":{"line":80,"column":15}},"80":{"start":{"line":81,"column":0},"end":{"line":81,"column":23}},"81":{"start":{"line":82,"column":0},"end":{"line":82,"column":39}},"82":{"start":{"line":83,"column":0},"end":{"line":83,"column":43}},"83":{"start":{"line":84,"column":0},"end":{"line":84,"column":26}},"84":{"start":{"line":85,"column":0},"end":{"line":85,"column":32}},"85":{"start":{"line":86,"column":0},"end":{"line":86,"column":41}},"86":{"start":{"line":87,"column":0},"end":{"line":87,"column":14}},"87":{"start":{"line":88,"column":0},"end":{"line":88,"column":16}},"88":{"start":{"line":89,"column":0},"end":{"line":89,"column":20}},"89":{"start":{"line":90,"column":0},"end":{"line":90,"column":12}},"90":{"start":{"line":91,"column":0},"end":{"line":91,"column":21}},"91":{"start":{"line":92,"column":0},"end":{"line":92,"column":4}},"92":{"start":{"line":93,"column":0},"end":{"line":93,"column":2}},"93":{"start":{"line":94,"column":0},"end":{"line":94,"column":0}},"94":{"start":{"line":95,"column":0},"end":{"line":95,"column":19}}},"s":{"0":1,"1":1,"2":1,"3":1,"4":1,"5":1,"6":1,"7":1,"8":1,"9":1,"10":1,"11":8,"12":8,"13":8,"14":8,"15":8,"16":8,"17":8,"18":8,"19":6,"20":0,"21":0,"22":0,"23":0,"24":6,"25":8,"26":8,"27":6,"28":8,"29":8,"30":8,"31":8,"32":8,"33":8,"34":8,"35":8,"36":8,"37":8,"38":8,"39":8,"40":8,"41":8,"42":8,"43":8,"44":8,"45":8,"46":8,"47":0,"48":0,"49":0,"50":0,"51":0,"52":8,"53":8,"54":8,"55":8,"56":8,"57":8,"58":8,"59":8,"60":8,"61":8,"62":8,"63":8,"64":8,"65":8,"66":8,"67":8,"68":8,"69":8,"70":8,"71":8,"72":8,"73":8,"74":8,"75":8,"76":8,"77":8,"78":8,"79":8,"80":8,"81":8,"82":8,"83":8,"84":8,"85":8,"86":8,"87":8,"88":8,"89":8,"90":8,"91":8,"92":8,"93":1,"94":1},"branchMap":{"0":{"type":"branch","line":11,"loc":{"start":{"line":11,"column":12},"end":{"line":93,"column":2}},"locations":[{"start":{"line":11,"column":12},"end":{"line":93,"column":2}}]},"1":{"type":"branch","line":47,"loc":{"start":{"line":47,"column":45},"end":{"line":52,"column":3}},"locations":[{"start":{"line":47,"column":45},"end":{"line":52,"column":3}}]},"2":{"type":"branch","line":19,"loc":{"start":{"line":19,"column":18},"end":{"line":25,"column":3}},"locations":[{"start":{"line":19,"column":18},"end":{"line":25,"column":3}}]},"3":{"type":"branch","line":20,"loc":{"start":{"line":20,"column":33},"end":{"line":24,"column":15}},"locations":[{"start":{"line":20,"column":33},"end":{"line":24,"column":15}}]},"4":{"type":"branch","line":27,"loc":{"start":{"line":27,"column":12},"end":{"line":29,"column":5}},"locations":[{"start":{"line":27,"column":12},"end":{"line":29,"column":5}}]}},"b":{"0":[8],"1":[0],"2":[6],"3":[0],"4":[6]},"fnMap":{"0":{"name":"App","decl":{"start":{"line":11,"column":12},"end":{"line":93,"column":2}},"loc":{"start":{"line":11,"column":12},"end":{"line":93,"column":2}},"line":11},"1":{"name":"getData","decl":{"start":{"line":19,"column":18},"end":{"line":25,"column":3}},"loc":{"start":{"line":19,"column":18},"end":{"line":25,"column":3}},"line":19}},"f":{"0":8,"1":6}}
,"C:\\Users\\gerar\\Documents\\CS\\CS 394\\SafeSplit\\src\\components\\DataLogger\\DataLogger.jsx": {"path":"C:\\Users\\gerar\\Documents\\CS\\CS 394\\SafeSplit\\src\\components\\DataLogger\\DataLogger.jsx","all":false,"statementMap":{"0":{"start":{"line":1,"column":0},"end":{"line":1,"column":26}},"1":{"start":{"line":2,"column":0},"end":{"line":2,"column":38}},"2":{"start":{"line":3,"column":0},"end":{"line":3,"column":40}},"3":{"start":{"line":4,"column":0},"end":{"line":4,"column":47}},"4":{"start":{"line":5,"column":0},"end":{"line":5,"column":26}},"5":{"start":{"line":6,"column":0},"end":{"line":6,"column":53}},"6":{"start":{"line":7,"column":0},"end":{"line":7,"column":0}},"7":{"start":{"line":8,"column":0},"end":{"line":8,"column":80}},"8":{"start":{"line":9,"column":0},"end":{"line":9,"column":22}},"9":{"start":{"line":10,"column":0},"end":{"line":10,"column":10}},"10":{"start":{"line":11,"column":0},"end":{"line":11,"column":25}},"11":{"start":{"line":12,"column":0},"end":{"line":12,"column":11}},"12":{"start":{"line":13,"column":0},"end":{"line":13,"column":11}},"13":{"start":{"line":14,"column":0},"end":{"line":14,"column":26}},"14":{"start":{"line":15,"column":0},"end":{"line":15,"column":38}},"15":{"start":{"line":16,"column":0},"end":{"line":16,"column":37}},"16":{"start":{"line":17,"column":0},"end":{"line":17,"column":24}},"17":{"start":{"line":18,"column":0},"end":{"line":18,"column":7}},"18":{"start":{"line":19,"column":0},"end":{"line":19,"column":77}},"19":{"start":{"line":20,"column":0},"end":{"line":20,"column":44}},"20":{"start":{"line":21,"column":0},"end":{"line":21,"column":39}},"21":{"start":{"line":22,"column":0},"end":{"line":22,"column":106}},"22":{"start":{"line":23,"column":0},"end":{"line":23,"column":15}},"23":{"start":{"line":24,"column":0},"end":{"line":24,"column":16}},"24":{"start":{"line":25,"column":0},"end":{"line":25,"column":14}},"25":{"start":{"line":26,"column":0},"end":{"line":26,"column":48}},"26":{"start":{"line":27,"column":0},"end":{"line":27,"column":44}},"27":{"start":{"line":28,"column":0},"end":{"line":28,"column":39}},"28":{"start":{"line":29,"column":0},"end":{"line":29,"column":76}},"29":{"start":{"line":30,"column":0},"end":{"line":30,"column":15}},"30":{"start":{"line":31,"column":0},"end":{"line":31,"column":16}},"31":{"start":{"line":32,"column":0},"end":{"line":32,"column":14}},"32":{"start":{"line":33,"column":0},"end":{"line":33,"column":18}},"33":{"start":{"line":34,"column":0},"end":{"line":34,"column":10}},"34":{"start":{"line":35,"column":0},"end":{"line":35,"column":4}},"35":{"start":{"line":36,"column":0},"end":{"line":36,"column":2}},"36":{"start":{"line":37,"column":0},"end":{"line":37,"column":0}},"37":{"start":{"line":38,"column":0},"end":{"line":38,"column":26}}},"s":{"0":1,"1":1,"2":1,"3":1,"4":1,"5":1,"6":1,"7":1,"8":8,"9":8,"10":8,"11":8,"12":8,"13":8,"14":8,"15":8,"16":8,"17":8,"18":8,"19":8,"20":8,"21":0,"22":8,"23":8,"24":8,"25":8,"26":8,"27":8,"28":0,"29":8,"30":8,"31":8,"32":8,"33":8,"34":8,"35":8,"36":1,"37":1},"branchMap":{"0":{"type":"branch","line":8,"loc":{"start":{"line":8,"column":19},"end":{"line":36,"column":2}},"locations":[{"start":{"line":8,"column":19},"end":{"line":36,"column":2}}]},"1":{"type":"branch","line":15,"loc":{"start":{"line":15,"column":18},"end":{"line":15,"column":38}},"locations":[{"start":{"line":15,"column":18},"end":{"line":15,"column":38}}]}},"b":{"0":[8],"1":[3]},"fnMap":{"0":{"name":"DataLogger","decl":{"start":{"line":8,"column":19},"end":{"line":36,"column":2}},"loc":{"start":{"line":8,"column":19},"end":{"line":36,"column":2}},"line":8},"1":{"name":"onSelect","decl":{"start":{"line":15,"column":18},"end":{"line":15,"column":38}},"loc":{"start":{"line":15,"column":18},"end":{"line":15,"column":38}},"line":15}},"f":{"0":8,"1":3}}
,"C:\\Users\\gerar\\Documents\\CS\\CS 394\\SafeSplit\\src\\components\\MatchCard\\MatchCard.jsx": {"path":"C:\\Users\\gerar\\Documents\\CS\\CS 394\\SafeSplit\\src\\components\\MatchCard\\MatchCard.jsx","all":false,"statementMap":{"0":{"start":{"line":1,"column":0},"end":{"line":1,"column":26}},"1":{"start":{"line":2,"column":0},"end":{"line":2,"column":40}},"2":{"start":{"line":3,"column":0},"end":{"line":3,"column":40}},"3":{"start":{"line":4,"column":0},"end":{"line":4,"column":55}},"4":{"start":{"line":5,"column":0},"end":{"line":5,"column":44}},"5":{"start":{"line":6,"column":0},"end":{"line":6,"column":25}},"6":{"start":{"line":7,"column":0},"end":{"line":7,"column":0}},"7":{"start":{"line":8,"column":0},"end":{"line":8,"column":39}},"8":{"start":{"line":9,"column":0},"end":{"line":9,"column":30}},"9":{"start":{"line":10,"column":0},"end":{"line":10,"column":28}},"10":{"start":{"line":11,"column":0},"end":{"line":11,"column":33}},"11":{"start":{"line":12,"column":0},"end":{"line":12,"column":31}},"12":{"start":{"line":13,"column":0},"end":{"line":13,"column":27}},"13":{"start":{"line":14,"column":0},"end":{"line":14,"column":27}},"14":{"start":{"line":15,"column":0},"end":{"line":15,"column":0}},"15":{"start":{"line":16,"column":0},"end":{"line":16,"column":35}},"16":{"start":{"line":17,"column":0},"end":{"line":17,"column":0}},"17":{"start":{"line":18,"column":0},"end":{"line":18,"column":32}},"18":{"start":{"line":19,"column":0},"end":{"line":19,"column":61}},"19":{"start":{"line":20,"column":0},"end":{"line":20,"column":46}},"20":{"start":{"line":21,"column":0},"end":{"line":21,"column":45}},"21":{"start":{"line":22,"column":0},"end":{"line":22,"column":2}},"22":{"start":{"line":23,"column":0},"end":{"line":23,"column":34}},"23":{"start":{"line":24,"column":0},"end":{"line":24,"column":83}},"24":{"start":{"line":25,"column":0},"end":{"line":25,"column":48}},"25":{"start":{"line":26,"column":0},"end":{"line":26,"column":73}},"26":{"start":{"line":27,"column":0},"end":{"line":27,"column":107}},"27":{"start":{"line":28,"column":0},"end":{"line":28,"column":45}},"28":{"start":{"line":29,"column":0},"end":{"line":29,"column":30}},"29":{"start":{"line":30,"column":0},"end":{"line":30,"column":23}},"30":{"start":{"line":31,"column":0},"end":{"line":31,"column":12}},"31":{"start":{"line":32,"column":0},"end":{"line":32,"column":9}},"32":{"start":{"line":33,"column":0},"end":{"line":33,"column":7}},"33":{"start":{"line":34,"column":0},"end":{"line":34,"column":5}},"34":{"start":{"line":35,"column":0},"end":{"line":35,"column":0}},"35":{"start":{"line":36,"column":0},"end":{"line":36,"column":10}},"36":{"start":{"line":37,"column":0},"end":{"line":37,"column":45}},"37":{"start":{"line":38,"column":0},"end":{"line":38,"column":17}},"38":{"start":{"line":39,"column":0},"end":{"line":39,"column":38}},"39":{"start":{"line":40,"column":0},"end":{"line":40,"column":51}},"40":{"start":{"line":41,"column":0},"end":{"line":41,"column":34}},"41":{"start":{"line":42,"column":0},"end":{"line":42,"column":32}},"42":{"start":{"line":43,"column":0},"end":{"line":43,"column":19}},"43":{"start":{"line":44,"column":0},"end":{"line":44,"column":67}},"44":{"start":{"line":45,"column":0},"end":{"line":45,"column":19}},"45":{"start":{"line":46,"column":0},"end":{"line":46,"column":13}},"46":{"start":{"line":47,"column":0},"end":{"line":47,"column":24}},"47":{"start":{"line":48,"column":0},"end":{"line":48,"column":53}},"48":{"start":{"line":49,"column":0},"end":{"line":49,"column":49}},"49":{"start":{"line":50,"column":0},"end":{"line":50,"column":19}},"50":{"start":{"line":51,"column":0},"end":{"line":51,"column":39}},"51":{"start":{"line":52,"column":0},"end":{"line":52,"column":20}},"52":{"start":{"line":53,"column":0},"end":{"line":53,"column":0}},"53":{"start":{"line":54,"column":0},"end":{"line":54,"column":71}},"54":{"start":{"line":55,"column":0},"end":{"line":55,"column":18}},"55":{"start":{"line":56,"column":0},"end":{"line":56,"column":11}},"56":{"start":{"line":57,"column":0},"end":{"line":57,"column":4}},"57":{"start":{"line":58,"column":0},"end":{"line":58,"column":2}},"58":{"start":{"line":59,"column":0},"end":{"line":59,"column":0}},"59":{"start":{"line":60,"column":0},"end":{"line":60,"column":25}}},"s":{"0":1,"1":1,"2":1,"3":1,"4":1,"5":1,"6":1,"7":1,"8":0,"9":0,"10":0,"11":0,"12":0,"13":0,"14":0,"15":0,"16":0,"17":0,"18":0,"19":0,"20":0,"21":0,"22":0,"23":0,"24":0,"25":0,"26":0,"27":0,"28":0,"29":0,"30":0,"31":0,"32":0,"33":0,"34":0,"35":0,"36":0,"37":0,"38":0,"39":0,"40":0,"41":0,"42":0,"43":0,"44":0,"45":0,"46":0,"47":0,"48":0,"49":0,"50":0,"51":0,"52":0,"53":0,"54":0,"55":0,"56":0,"57":0,"58":1,"59":1},"branchMap":{},"b":{},"fnMap":{"0":{"name":"MatchCard","decl":{"start":{"line":8,"column":18},"end":{"line":58,"column":2}},"loc":{"start":{"line":8,"column":18},"end":{"line":58,"column":2}},"line":8}},"f":{"0":0}}
,"C:\\Users\\gerar\\Documents\\CS\\CS 394\\SafeSplit\\src\\components\\NavBar\\NavBar.jsx": {"path":"C:\\Users\\gerar\\Documents\\CS\\CS 394\\SafeSplit\\src\\components\\NavBar\\NavBar.jsx","all":false,"statementMap":{"0":{"start":{"line":1,"column":0},"end":{"line":1,"column":25}},"1":{"start":{"line":2,"column":0},"end":{"line":2,"column":48}},"2":{"start":{"line":3,"column":0},"end":{"line":3,"column":60}},"3":{"start":{"line":4,"column":0},"end":{"line":4,"column":0}},"4":{"start":{"line":5,"column":0},"end":{"line":5,"column":50}},"5":{"start":{"line":6,"column":0},"end":{"line":6,"column":38}},"6":{"start":{"line":7,"column":0},"end":{"line":7,"column":44}},"7":{"start":{"line":8,"column":0},"end":{"line":8,"column":54}},"8":{"start":{"line":9,"column":0},"end":{"line":9,"column":0}},"9":{"start":{"line":10,"column":0},"end":{"line":10,"column":39}},"10":{"start":{"line":11,"column":0},"end":{"line":11,"column":10}},"11":{"start":{"line":12,"column":0},"end":{"line":12,"column":53}},"12":{"start":{"line":13,"column":0},"end":{"line":13,"column":17}},"13":{"start":{"line":14,"column":0},"end":{"line":14,"column":35}},"14":{"start":{"line":15,"column":0},"end":{"line":15,"column":14}},"15":{"start":{"line":16,"column":0},"end":{"line":16,"column":89}},"16":{"start":{"line":17,"column":0},"end":{"line":17,"column":23}},"17":{"start":{"line":18,"column":0},"end":{"line":18,"column":23}},"18":{"start":{"line":19,"column":0},"end":{"line":19,"column":48}},"19":{"start":{"line":20,"column":0},"end":{"line":20,"column":32}},"20":{"start":{"line":21,"column":0},"end":{"line":21,"column":12}},"21":{"start":{"line":22,"column":0},"end":{"line":22,"column":23}},"22":{"start":{"line":23,"column":0},"end":{"line":23,"column":58}},"23":{"start":{"line":24,"column":0},"end":{"line":24,"column":57}},"24":{"start":{"line":25,"column":0},"end":{"line":25,"column":15}},"25":{"start":{"line":26,"column":0},"end":{"line":26,"column":25}},"26":{"start":{"line":27,"column":0},"end":{"line":27,"column":34}},"27":{"start":{"line":28,"column":0},"end":{"line":28,"column":26}},"28":{"start":{"line":29,"column":0},"end":{"line":29,"column":112}},"29":{"start":{"line":30,"column":0},"end":{"line":30,"column":101}},"30":{"start":{"line":31,"column":0},"end":{"line":31,"column":105}},"31":{"start":{"line":32,"column":0},"end":{"line":32,"column":97}},"32":{"start":{"line":33,"column":0},"end":{"line":33,"column":0}},"33":{"start":{"line":34,"column":0},"end":{"line":34,"column":26}},"34":{"start":{"line":35,"column":0},"end":{"line":35,"column":16}},"35":{"start":{"line":36,"column":0},"end":{"line":36,"column":26}},"36":{"start":{"line":37,"column":0},"end":{"line":37,"column":18}},"37":{"start":{"line":38,"column":0},"end":{"line":38,"column":13}},"38":{"start":{"line":39,"column":0},"end":{"line":39,"column":3}},"39":{"start":{"line":40,"column":0},"end":{"line":40,"column":1}},"40":{"start":{"line":41,"column":0},"end":{"line":41,"column":0}},"41":{"start":{"line":42,"column":0},"end":{"line":42,"column":21}}},"s":{"0":1,"1":1,"2":1,"3":1,"4":1,"5":1,"6":1,"7":1,"8":1,"9":1,"10":8,"11":8,"12":8,"13":8,"14":8,"15":8,"16":8,"17":8,"18":8,"19":8,"20":8,"21":8,"22":8,"23":8,"24":8,"25":8,"26":8,"27":8,"28":8,"29":8,"30":8,"31":8,"32":8,"33":8,"34":8,"35":8,"36":8,"37":8,"38":8,"39":8,"40":1,"41":1},"branchMap":{"0":{"type":"branch","line":10,"loc":{"start":{"line":10,"column":15},"end":{"line":40,"column":1}},"locations":[{"start":{"line":10,"column":15},"end":{"line":40,"column":1}}]}},"b":{"0":[8]},"fnMap":{"0":{"name":"NavBar","decl":{"start":{"line":10,"column":15},"end":{"line":40,"column":1}},"loc":{"start":{"line":10,"column":15},"end":{"line":40,"column":1}},"line":10},"1":{"name":"onSelect","decl":{"start":{"line":29,"column":79},"end":{"line":29,"column":112}},"loc":{"start":{"line":29,"column":79},"end":{"line":29,"column":112}},"line":29}},"f":{"0":8,"1":0}}
,"C:\\Users\\gerar\\Documents\\CS\\CS 394\\SafeSplit\\src\\components\\RequestCard\\RequestCard.jsx": {"path":"C:\\Users\\gerar\\Documents\\CS\\CS 394\\SafeSplit\\src\\components\\RequestCard\\RequestCard.jsx","all":false,"statementMap":{"0":{"start":{"line":1,"column":0},"end":{"line":1,"column":26}},"1":{"start":{"line":2,"column":0},"end":{"line":2,"column":33}},"2":{"start":{"line":3,"column":0},"end":{"line":3,"column":40}},"3":{"start":{"line":4,"column":0},"end":{"line":4,"column":40}},"4":{"start":{"line":5,"column":0},"end":{"line":5,"column":44}},"5":{"start":{"line":6,"column":0},"end":{"line":6,"column":56}},"6":{"start":{"line":7,"column":0},"end":{"line":7,"column":27}},"7":{"start":{"line":8,"column":0},"end":{"line":8,"column":0}},"8":{"start":{"line":9,"column":0},"end":{"line":9,"column":54}},"9":{"start":{"line":10,"column":0},"end":{"line":10,"column":31}},"10":{"start":{"line":11,"column":0},"end":{"line":11,"column":29}},"11":{"start":{"line":12,"column":0},"end":{"line":12,"column":34}},"12":{"start":{"line":13,"column":0},"end":{"line":13,"column":32}},"13":{"start":{"line":14,"column":0},"end":{"line":14,"column":31}},"14":{"start":{"line":15,"column":0},"end":{"line":15,"column":31}},"15":{"start":{"line":16,"column":0},"end":{"line":16,"column":28}},"16":{"start":{"line":17,"column":0},"end":{"line":17,"column":31}},"17":{"start":{"line":18,"column":0},"end":{"line":18,"column":29}},"18":{"start":{"line":19,"column":0},"end":{"line":19,"column":0}},"19":{"start":{"line":20,"column":0},"end":{"line":20,"column":48}},"20":{"start":{"line":21,"column":0},"end":{"line":21,"column":0}},"21":{"start":{"line":22,"column":0},"end":{"line":22,"column":20}},"22":{"start":{"line":23,"column":0},"end":{"line":23,"column":33}},"23":{"start":{"line":24,"column":0},"end":{"line":24,"column":2}},"24":{"start":{"line":25,"column":0},"end":{"line":25,"column":30}},"25":{"start":{"line":26,"column":0},"end":{"line":26,"column":55}},"26":{"start":{"line":27,"column":0},"end":{"line":27,"column":0}},"27":{"start":{"line":28,"column":0},"end":{"line":28,"column":55}},"28":{"start":{"line":29,"column":0},"end":{"line":29,"column":27}},"29":{"start":{"line":30,"column":0},"end":{"line":30,"column":49}},"30":{"start":{"line":31,"column":0},"end":{"line":31,"column":47}},"31":{"start":{"line":32,"column":0},"end":{"line":32,"column":0}},"32":{"start":{"line":33,"column":0},"end":{"line":33,"column":5}},"33":{"start":{"line":34,"column":0},"end":{"line":34,"column":96}},"34":{"start":{"line":35,"column":0},"end":{"line":35,"column":9}},"35":{"start":{"line":36,"column":0},"end":{"line":36,"column":59}},"36":{"start":{"line":37,"column":0},"end":{"line":37,"column":43}},"37":{"start":{"line":38,"column":0},"end":{"line":38,"column":42}},"38":{"start":{"line":39,"column":0},"end":{"line":39,"column":47}},"39":{"start":{"line":40,"column":0},"end":{"line":40,"column":45}},"40":{"start":{"line":41,"column":0},"end":{"line":41,"column":52}},"41":{"start":{"line":42,"column":0},"end":{"line":42,"column":34}},"42":{"start":{"line":43,"column":0},"end":{"line":43,"column":47}},"43":{"start":{"line":44,"column":0},"end":{"line":44,"column":57}},"44":{"start":{"line":45,"column":0},"end":{"line":45,"column":83}},"45":{"start":{"line":46,"column":0},"end":{"line":46,"column":63}},"46":{"start":{"line":47,"column":0},"end":{"line":47,"column":70}},"47":{"start":{"line":48,"column":0},"end":{"line":48,"column":107}},"48":{"start":{"line":49,"column":0},"end":{"line":49,"column":45}},"49":{"start":{"line":50,"column":0},"end":{"line":50,"column":30}},"50":{"start":{"line":51,"column":0},"end":{"line":51,"column":23}},"51":{"start":{"line":52,"column":0},"end":{"line":52,"column":12}},"52":{"start":{"line":53,"column":0},"end":{"line":53,"column":9}},"53":{"start":{"line":54,"column":0},"end":{"line":54,"column":7}},"54":{"start":{"line":55,"column":0},"end":{"line":55,"column":5}},"55":{"start":{"line":56,"column":0},"end":{"line":56,"column":3}},"56":{"start":{"line":57,"column":0},"end":{"line":57,"column":0}},"57":{"start":{"line":58,"column":0},"end":{"line":58,"column":30}},"58":{"start":{"line":59,"column":0},"end":{"line":59,"column":30}},"59":{"start":{"line":60,"column":0},"end":{"line":60,"column":6}},"60":{"start":{"line":61,"column":0},"end":{"line":61,"column":27}},"61":{"start":{"line":62,"column":0},"end":{"line":62,"column":6}},"62":{"start":{"line":63,"column":0},"end":{"line":63,"column":3}},"63":{"start":{"line":64,"column":0},"end":{"line":64,"column":10}},"64":{"start":{"line":65,"column":0},"end":{"line":65,"column":32}},"65":{"start":{"line":66,"column":0},"end":{"line":66,"column":17}},"66":{"start":{"line":67,"column":0},"end":{"line":67,"column":40}},"67":{"start":{"line":68,"column":0},"end":{"line":68,"column":78}},"68":{"start":{"line":69,"column":0},"end":{"line":69,"column":51}},"69":{"start":{"line":70,"column":0},"end":{"line":70,"column":29}},"70":{"start":{"line":71,"column":0},"end":{"line":71,"column":24}},"71":{"start":{"line":72,"column":0},"end":{"line":72,"column":53}},"72":{"start":{"line":73,"column":0},"end":{"line":73,"column":49}},"73":{"start":{"line":74,"column":0},"end":{"line":74,"column":19}},"74":{"start":{"line":75,"column":0},"end":{"line":75,"column":39}},"75":{"start":{"line":76,"column":0},"end":{"line":76,"column":20}},"76":{"start":{"line":77,"column":0},"end":{"line":77,"column":51}},"77":{"start":{"line":78,"column":0},"end":{"line":78,"column":81}},"78":{"start":{"line":79,"column":0},"end":{"line":79,"column":24}},"79":{"start":{"line":80,"column":0},"end":{"line":80,"column":0}},"80":{"start":{"line":81,"column":0},"end":{"line":81,"column":71}},"81":{"start":{"line":82,"column":0},"end":{"line":82,"column":0}},"82":{"start":{"line":83,"column":0},"end":{"line":83,"column":18}},"83":{"start":{"line":84,"column":0},"end":{"line":84,"column":11}},"84":{"start":{"line":85,"column":0},"end":{"line":85,"column":4}},"85":{"start":{"line":86,"column":0},"end":{"line":86,"column":2}},"86":{"start":{"line":87,"column":0},"end":{"line":87,"column":0}},"87":{"start":{"line":88,"column":0},"end":{"line":88,"column":27}}},"s":{"0":1,"1":1,"2":1,"3":1,"4":1,"5":1,"6":1,"7":1,"8":1,"9":0,"10":0,"11":0,"12":0,"13":0,"14":0,"15":0,"16":0,"17":0,"18":0,"19":0,"20":0,"21":0,"22":0,"23":0,"24":0,"25":0,"26":0,"27":0,"28":0,"29":0,"30":0,"31":0,"32":0,"33":0,"34":0,"35":0,"36":0,"37":0,"38":0,"39":0,"40":0,"41":0,"42":0,"43":0,"44":0,"45":0,"46":0,"47":0,"48":0,"49":0,"50":0,"51":0,"52":0,"53":0,"54":0,"55":0,"56":0,"57":0,"58":0,"59":0,"60":0,"61":0,"62":0,"63":0,"64":0,"65":0,"66":0,"67":0,"68":0,"69":0,"70":0,"71":0,"72":0,"73":0,"74":0,"75":0,"76":0,"77":0,"78":0,"79":0,"80":0,"81":0,"82":0,"83":0,"84":0,"85":0,"86":1,"87":1},"branchMap":{},"b":{},"fnMap":{"0":{"name":"RequestCard","decl":{"start":{"line":9,"column":20},"end":{"line":86,"column":2}},"loc":{"start":{"line":9,"column":20},"end":{"line":86,"column":2}},"line":9}},"f":{"0":0}}
,"C:\\Users\\gerar\\Documents\\CS\\CS 394\\SafeSplit\\src\\components\\RideForm\\RideForm.jsx": {"path":"C:\\Users\\gerar\\Documents\\CS\\CS 394\\SafeSplit\\src\\components\\RideForm\\RideForm.jsx","all":false,"statementMap":{"0":{"start":{"line":1,"column":0},"end":{"line":1,"column":40}},"1":{"start":{"line":2,"column":0},"end":{"line":2,"column":46}},"2":{"start":{"line":3,"column":0},"end":{"line":3,"column":54}},"3":{"start":{"line":4,"column":0},"end":{"line":4,"column":44}},"4":{"start":{"line":5,"column":0},"end":{"line":5,"column":38}},"5":{"start":{"line":6,"column":0},"end":{"line":6,"column":40}},"6":{"start":{"line":7,"column":0},"end":{"line":7,"column":38}},"7":{"start":{"line":8,"column":0},"end":{"line":8,"column":24}},"8":{"start":{"line":9,"column":0},"end":{"line":9,"column":43}},"9":{"start":{"line":10,"column":0},"end":{"line":10,"column":0}},"10":{"start":{"line":11,"column":0},"end":{"line":11,"column":0}},"11":{"start":{"line":12,"column":0},"end":{"line":12,"column":0}},"12":{"start":{"line":13,"column":0},"end":{"line":13,"column":83}},"13":{"start":{"line":14,"column":0},"end":{"line":14,"column":55}},"14":{"start":{"line":15,"column":0},"end":{"line":15,"column":51}},"15":{"start":{"line":16,"column":0},"end":{"line":16,"column":49}},"16":{"start":{"line":17,"column":0},"end":{"line":17,"column":49}},"17":{"start":{"line":18,"column":0},"end":{"line":18,"column":45}},"18":{"start":{"line":19,"column":0},"end":{"line":19,"column":45}},"19":{"start":{"line":20,"column":0},"end":{"line":20,"column":41}},"20":{"start":{"line":21,"column":0},"end":{"line":21,"column":0}},"21":{"start":{"line":22,"column":0},"end":{"line":22,"column":0}},"22":{"start":{"line":23,"column":0},"end":{"line":23,"column":24}},"23":{"start":{"line":24,"column":0},"end":{"line":24,"column":26}},"24":{"start":{"line":25,"column":0},"end":{"line":25,"column":2}},"25":{"start":{"line":26,"column":0},"end":{"line":26,"column":0}},"26":{"start":{"line":27,"column":0},"end":{"line":27,"column":32}},"27":{"start":{"line":28,"column":0},"end":{"line":28,"column":46}},"28":{"start":{"line":29,"column":0},"end":{"line":29,"column":0}},"29":{"start":{"line":30,"column":0},"end":{"line":30,"column":45}},"30":{"start":{"line":31,"column":0},"end":{"line":31,"column":34}},"31":{"start":{"line":32,"column":0},"end":{"line":32,"column":39}},"32":{"start":{"line":33,"column":0},"end":{"line":33,"column":30}},"33":{"start":{"line":34,"column":0},"end":{"line":34,"column":29}},"34":{"start":{"line":35,"column":0},"end":{"line":35,"column":45}},"35":{"start":{"line":36,"column":0},"end":{"line":36,"column":41}},"36":{"start":{"line":37,"column":0},"end":{"line":37,"column":20}},"37":{"start":{"line":38,"column":0},"end":{"line":38,"column":29}},"38":{"start":{"line":39,"column":0},"end":{"line":39,"column":30}},"39":{"start":{"line":40,"column":0},"end":{"line":40,"column":9}},"40":{"start":{"line":41,"column":0},"end":{"line":41,"column":3}},"41":{"start":{"line":42,"column":0},"end":{"line":42,"column":0}},"42":{"start":{"line":43,"column":0},"end":{"line":43,"column":0}},"43":{"start":{"line":44,"column":0},"end":{"line":44,"column":32}},"44":{"start":{"line":45,"column":0},"end":{"line":45,"column":46}},"45":{"start":{"line":46,"column":0},"end":{"line":46,"column":4}},"46":{"start":{"line":47,"column":0},"end":{"line":47,"column":27}},"47":{"start":{"line":48,"column":0},"end":{"line":48,"column":111}},"48":{"start":{"line":49,"column":0},"end":{"line":49,"column":46}},"49":{"start":{"line":50,"column":0},"end":{"line":50,"column":13}},"50":{"start":{"line":51,"column":0},"end":{"line":51,"column":5}},"51":{"start":{"line":52,"column":0},"end":{"line":52,"column":35}},"52":{"start":{"line":53,"column":0},"end":{"line":53,"column":73}},"53":{"start":{"line":54,"column":0},"end":{"line":54,"column":13}},"54":{"start":{"line":55,"column":0},"end":{"line":55,"column":5}},"55":{"start":{"line":56,"column":0},"end":{"line":56,"column":59}},"56":{"start":{"line":57,"column":0},"end":{"line":57,"column":73}},"57":{"start":{"line":58,"column":0},"end":{"line":58,"column":13}},"58":{"start":{"line":59,"column":0},"end":{"line":59,"column":5}},"59":{"start":{"line":60,"column":0},"end":{"line":60,"column":9}},"60":{"start":{"line":61,"column":0},"end":{"line":61,"column":69}},"61":{"start":{"line":62,"column":0},"end":{"line":62,"column":63}},"62":{"start":{"line":63,"column":0},"end":{"line":63,"column":0}},"63":{"start":{"line":64,"column":0},"end":{"line":64,"column":6}},"64":{"start":{"line":65,"column":0},"end":{"line":65,"column":0}},"65":{"start":{"line":66,"column":0},"end":{"line":66,"column":39}},"66":{"start":{"line":67,"column":0},"end":{"line":67,"column":26}},"67":{"start":{"line":68,"column":0},"end":{"line":68,"column":0}},"68":{"start":{"line":69,"column":0},"end":{"line":69,"column":75}},"69":{"start":{"line":70,"column":0},"end":{"line":70,"column":71}},"70":{"start":{"line":71,"column":0},"end":{"line":71,"column":0}},"71":{"start":{"line":72,"column":0},"end":{"line":72,"column":27}},"72":{"start":{"line":73,"column":0},"end":{"line":73,"column":22}},"73":{"start":{"line":74,"column":0},"end":{"line":74,"column":41}},"74":{"start":{"line":75,"column":0},"end":{"line":75,"column":0}},"75":{"start":{"line":76,"column":0},"end":{"line":76,"column":36}},"76":{"start":{"line":77,"column":0},"end":{"line":77,"column":31}},"77":{"start":{"line":78,"column":0},"end":{"line":78,"column":41}},"78":{"start":{"line":79,"column":0},"end":{"line":79,"column":49}},"79":{"start":{"line":80,"column":0},"end":{"line":80,"column":54}},"80":{"start":{"line":81,"column":0},"end":{"line":81,"column":0}},"81":{"start":{"line":82,"column":0},"end":{"line":82,"column":50}},"82":{"start":{"line":83,"column":0},"end":{"line":83,"column":75}},"83":{"start":{"line":84,"column":0},"end":{"line":84,"column":105}},"84":{"start":{"line":85,"column":0},"end":{"line":85,"column":30}},"85":{"start":{"line":86,"column":0},"end":{"line":86,"column":58}},"86":{"start":{"line":87,"column":0},"end":{"line":87,"column":61}},"87":{"start":{"line":88,"column":0},"end":{"line":88,"column":35}},"88":{"start":{"line":89,"column":0},"end":{"line":89,"column":66}},"89":{"start":{"line":90,"column":0},"end":{"line":90,"column":13}},"90":{"start":{"line":91,"column":0},"end":{"line":91,"column":11}},"91":{"start":{"line":92,"column":0},"end":{"line":92,"column":9}},"92":{"start":{"line":93,"column":0},"end":{"line":93,"column":9}},"93":{"start":{"line":94,"column":0},"end":{"line":94,"column":0}},"94":{"start":{"line":95,"column":0},"end":{"line":95,"column":41}},"95":{"start":{"line":96,"column":0},"end":{"line":96,"column":54}},"96":{"start":{"line":97,"column":0},"end":{"line":97,"column":53}},"97":{"start":{"line":98,"column":0},"end":{"line":98,"column":8}},"98":{"start":{"line":99,"column":0},"end":{"line":99,"column":49}},"99":{"start":{"line":100,"column":0},"end":{"line":100,"column":22}},"100":{"start":{"line":101,"column":0},"end":{"line":101,"column":51}},"101":{"start":{"line":102,"column":0},"end":{"line":102,"column":37}},"102":{"start":{"line":103,"column":0},"end":{"line":103,"column":33}},"103":{"start":{"line":104,"column":0},"end":{"line":104,"column":37}},"104":{"start":{"line":105,"column":0},"end":{"line":105,"column":37}},"105":{"start":{"line":106,"column":0},"end":{"line":106,"column":23}},"106":{"start":{"line":107,"column":0},"end":{"line":107,"column":66}},"107":{"start":{"line":108,"column":0},"end":{"line":108,"column":61}},"108":{"start":{"line":109,"column":0},"end":{"line":109,"column":67}},"109":{"start":{"line":110,"column":0},"end":{"line":110,"column":65}},"110":{"start":{"line":111,"column":0},"end":{"line":111,"column":28}},"111":{"start":{"line":112,"column":0},"end":{"line":112,"column":11}},"112":{"start":{"line":113,"column":0},"end":{"line":113,"column":0}},"113":{"start":{"line":114,"column":0},"end":{"line":114,"column":23}},"114":{"start":{"line":115,"column":0},"end":{"line":115,"column":14}},"115":{"start":{"line":116,"column":0},"end":{"line":116,"column":57}},"116":{"start":{"line":117,"column":0},"end":{"line":117,"column":40}},"117":{"start":{"line":118,"column":0},"end":{"line":118,"column":0}},"118":{"start":{"line":119,"column":0},"end":{"line":119,"column":0}},"119":{"start":{"line":120,"column":0},"end":{"line":120,"column":28}},"120":{"start":{"line":121,"column":0},"end":{"line":121,"column":38}},"121":{"start":{"line":122,"column":0},"end":{"line":122,"column":46}},"122":{"start":{"line":123,"column":0},"end":{"line":123,"column":56}},"123":{"start":{"line":124,"column":0},"end":{"line":124,"column":50}},"124":{"start":{"line":125,"column":0},"end":{"line":125,"column":0}},"125":{"start":{"line":126,"column":0},"end":{"line":126,"column":50}},"126":{"start":{"line":127,"column":0},"end":{"line":127,"column":57}},"127":{"start":{"line":128,"column":0},"end":{"line":128,"column":0}},"128":{"start":{"line":129,"column":0},"end":{"line":129,"column":47}},"129":{"start":{"line":130,"column":0},"end":{"line":130,"column":0}},"130":{"start":{"line":131,"column":0},"end":{"line":131,"column":41}},"131":{"start":{"line":132,"column":0},"end":{"line":132,"column":16}},"132":{"start":{"line":133,"column":0},"end":{"line":133,"column":48}},"133":{"start":{"line":134,"column":0},"end":{"line":134,"column":47}},"134":{"start":{"line":135,"column":0},"end":{"line":135,"column":15}},"135":{"start":{"line":136,"column":0},"end":{"line":136,"column":0}},"136":{"start":{"line":137,"column":0},"end":{"line":137,"column":32}},"137":{"start":{"line":138,"column":0},"end":{"line":138,"column":57}},"138":{"start":{"line":139,"column":0},"end":{"line":139,"column":58}},"139":{"start":{"line":140,"column":0},"end":{"line":140,"column":66}},"140":{"start":{"line":141,"column":0},"end":{"line":141,"column":70}},"141":{"start":{"line":142,"column":0},"end":{"line":142,"column":15}},"142":{"start":{"line":143,"column":0},"end":{"line":143,"column":13}},"143":{"start":{"line":144,"column":0},"end":{"line":144,"column":11}},"144":{"start":{"line":145,"column":0},"end":{"line":145,"column":11}},"145":{"start":{"line":146,"column":0},"end":{"line":146,"column":0}},"146":{"start":{"line":147,"column":0},"end":{"line":147,"column":42}},"147":{"start":{"line":148,"column":0},"end":{"line":148,"column":56}},"148":{"start":{"line":149,"column":0},"end":{"line":149,"column":55}},"149":{"start":{"line":150,"column":0},"end":{"line":150,"column":0}},"150":{"start":{"line":151,"column":0},"end":{"line":151,"column":50}},"151":{"start":{"line":152,"column":0},"end":{"line":152,"column":27}},"152":{"start":{"line":153,"column":0},"end":{"line":153,"column":39}},"153":{"start":{"line":154,"column":0},"end":{"line":154,"column":46}},"154":{"start":{"line":155,"column":0},"end":{"line":155,"column":44}},"155":{"start":{"line":156,"column":0},"end":{"line":156,"column":48}},"156":{"start":{"line":157,"column":0},"end":{"line":157,"column":50}},"157":{"start":{"line":158,"column":0},"end":{"line":158,"column":36}},"158":{"start":{"line":159,"column":0},"end":{"line":159,"column":40}},"159":{"start":{"line":160,"column":0},"end":{"line":160,"column":41}},"160":{"start":{"line":161,"column":0},"end":{"line":161,"column":11}},"161":{"start":{"line":162,"column":0},"end":{"line":162,"column":44}},"162":{"start":{"line":163,"column":0},"end":{"line":163,"column":56}},"163":{"start":{"line":164,"column":0},"end":{"line":164,"column":39}},"164":{"start":{"line":165,"column":0},"end":{"line":165,"column":53}},"165":{"start":{"line":166,"column":0},"end":{"line":166,"column":49}},"166":{"start":{"line":167,"column":0},"end":{"line":167,"column":25}},"167":{"start":{"line":168,"column":0},"end":{"line":168,"column":30}},"168":{"start":{"line":169,"column":0},"end":{"line":169,"column":57}},"169":{"start":{"line":170,"column":0},"end":{"line":170,"column":61}},"170":{"start":{"line":171,"column":0},"end":{"line":171,"column":37}},"171":{"start":{"line":172,"column":0},"end":{"line":172,"column":32}},"172":{"start":{"line":173,"column":0},"end":{"line":173,"column":13}},"173":{"start":{"line":174,"column":0},"end":{"line":174,"column":0}},"174":{"start":{"line":175,"column":0},"end":{"line":175,"column":26}},"175":{"start":{"line":176,"column":0},"end":{"line":176,"column":53}},"176":{"start":{"line":177,"column":0},"end":{"line":177,"column":39}},"177":{"start":{"line":178,"column":0},"end":{"line":178,"column":35}},"178":{"start":{"line":179,"column":0},"end":{"line":179,"column":40}},"179":{"start":{"line":180,"column":0},"end":{"line":180,"column":25}},"180":{"start":{"line":181,"column":0},"end":{"line":181,"column":23}},"181":{"start":{"line":182,"column":0},"end":{"line":182,"column":68}},"182":{"start":{"line":183,"column":0},"end":{"line":183,"column":72}},"183":{"start":{"line":184,"column":0},"end":{"line":184,"column":78}},"184":{"start":{"line":185,"column":0},"end":{"line":185,"column":55}},"185":{"start":{"line":186,"column":0},"end":{"line":186,"column":30}},"186":{"start":{"line":187,"column":0},"end":{"line":187,"column":13}},"187":{"start":{"line":188,"column":0},"end":{"line":188,"column":0}},"188":{"start":{"line":189,"column":0},"end":{"line":189,"column":25}},"189":{"start":{"line":190,"column":0},"end":{"line":190,"column":9}},"190":{"start":{"line":191,"column":0},"end":{"line":191,"column":7}},"191":{"start":{"line":192,"column":0},"end":{"line":192,"column":0}},"192":{"start":{"line":193,"column":0},"end":{"line":193,"column":6}},"193":{"start":{"line":194,"column":0},"end":{"line":194,"column":0}},"194":{"start":{"line":195,"column":0},"end":{"line":195,"column":40}},"195":{"start":{"line":196,"column":0},"end":{"line":196,"column":45}},"196":{"start":{"line":197,"column":0},"end":{"line":197,"column":20}},"197":{"start":{"line":198,"column":0},"end":{"line":198,"column":35}},"198":{"start":{"line":199,"column":0},"end":{"line":199,"column":31}},"199":{"start":{"line":200,"column":0},"end":{"line":200,"column":21}},"200":{"start":{"line":201,"column":0},"end":{"line":201,"column":48}},"201":{"start":{"line":202,"column":0},"end":{"line":202,"column":35}},"202":{"start":{"line":203,"column":0},"end":{"line":203,"column":39}},"203":{"start":{"line":204,"column":0},"end":{"line":204,"column":33}},"204":{"start":{"line":205,"column":0},"end":{"line":205,"column":21}},"205":{"start":{"line":206,"column":0},"end":{"line":206,"column":9}},"206":{"start":{"line":207,"column":0},"end":{"line":207,"column":0}},"207":{"start":{"line":208,"column":0},"end":{"line":208,"column":13}},"208":{"start":{"line":209,"column":0},"end":{"line":209,"column":25}},"209":{"start":{"line":210,"column":0},"end":{"line":210,"column":35}},"210":{"start":{"line":211,"column":0},"end":{"line":211,"column":54}},"211":{"start":{"line":212,"column":0},"end":{"line":212,"column":26}},"212":{"start":{"line":213,"column":0},"end":{"line":213,"column":23}},"213":{"start":{"line":214,"column":0},"end":{"line":214,"column":25}},"214":{"start":{"line":215,"column":0},"end":{"line":215,"column":8}},"215":{"start":{"line":216,"column":0},"end":{"line":216,"column":0}},"216":{"start":{"line":217,"column":0},"end":{"line":217,"column":20}},"217":{"start":{"line":218,"column":0},"end":{"line":218,"column":58}},"218":{"start":{"line":219,"column":0},"end":{"line":219,"column":28}},"219":{"start":{"line":220,"column":0},"end":{"line":220,"column":26}},"220":{"start":{"line":221,"column":0},"end":{"line":221,"column":17}},"221":{"start":{"line":222,"column":0},"end":{"line":222,"column":29}},"222":{"start":{"line":223,"column":0},"end":{"line":223,"column":31}},"223":{"start":{"line":224,"column":0},"end":{"line":224,"column":58}},"224":{"start":{"line":225,"column":0},"end":{"line":225,"column":30}},"225":{"start":{"line":226,"column":0},"end":{"line":226,"column":27}},"226":{"start":{"line":227,"column":0},"end":{"line":227,"column":29}},"227":{"start":{"line":228,"column":0},"end":{"line":228,"column":12}},"228":{"start":{"line":229,"column":0},"end":{"line":229,"column":17}},"229":{"start":{"line":230,"column":0},"end":{"line":230,"column":7}},"230":{"start":{"line":231,"column":0},"end":{"line":231,"column":0}},"231":{"start":{"line":232,"column":0},"end":{"line":232,"column":24}},"232":{"start":{"line":233,"column":0},"end":{"line":233,"column":43}},"233":{"start":{"line":234,"column":0},"end":{"line":234,"column":10}},"234":{"start":{"line":235,"column":0},"end":{"line":235,"column":0}},"235":{"start":{"line":236,"column":0},"end":{"line":236,"column":25}},"236":{"start":{"line":237,"column":0},"end":{"line":237,"column":26}},"237":{"start":{"line":238,"column":0},"end":{"line":238,"column":24}},"238":{"start":{"line":239,"column":0},"end":{"line":239,"column":23}},"239":{"start":{"line":240,"column":0},"end":{"line":240,"column":23}},"240":{"start":{"line":241,"column":0},"end":{"line":241,"column":21}},"241":{"start":{"line":242,"column":0},"end":{"line":242,"column":21}},"242":{"start":{"line":243,"column":0},"end":{"line":243,"column":19}},"243":{"start":{"line":244,"column":0},"end":{"line":244,"column":0}},"244":{"start":{"line":245,"column":0},"end":{"line":245,"column":6}},"245":{"start":{"line":246,"column":0},"end":{"line":246,"column":4}},"246":{"start":{"line":247,"column":0},"end":{"line":247,"column":5}},"247":{"start":{"line":248,"column":0},"end":{"line":248,"column":3}},"248":{"start":{"line":249,"column":0},"end":{"line":249,"column":0}},"249":{"start":{"line":250,"column":0},"end":{"line":250,"column":10}},"250":{"start":{"line":251,"column":0},"end":{"line":251,"column":49}},"251":{"start":{"line":252,"column":0},"end":{"line":252,"column":26}},"252":{"start":{"line":253,"column":0},"end":{"line":253,"column":36}},"253":{"start":{"line":254,"column":0},"end":{"line":254,"column":12}},"254":{"start":{"line":255,"column":0},"end":{"line":255,"column":79}},"255":{"start":{"line":256,"column":0},"end":{"line":256,"column":27}},"256":{"start":{"line":257,"column":0},"end":{"line":257,"column":13}},"257":{"start":{"line":258,"column":0},"end":{"line":258,"column":12}},"258":{"start":{"line":259,"column":0},"end":{"line":259,"column":0}},"259":{"start":{"line":260,"column":0},"end":{"line":260,"column":26}},"260":{"start":{"line":261,"column":0},"end":{"line":261,"column":38}},"261":{"start":{"line":262,"column":0},"end":{"line":262,"column":32}},"262":{"start":{"line":263,"column":0},"end":{"line":263,"column":71}},"263":{"start":{"line":264,"column":0},"end":{"line":264,"column":54}},"264":{"start":{"line":265,"column":0},"end":{"line":265,"column":0}},"265":{"start":{"line":266,"column":0},"end":{"line":266,"column":27}},"266":{"start":{"line":267,"column":0},"end":{"line":267,"column":27}},"267":{"start":{"line":268,"column":0},"end":{"line":268,"column":36}},"268":{"start":{"line":269,"column":0},"end":{"line":269,"column":65}},"269":{"start":{"line":270,"column":0},"end":{"line":270,"column":24}},"270":{"start":{"line":271,"column":0},"end":{"line":271,"column":43}},"271":{"start":{"line":272,"column":0},"end":{"line":272,"column":15}},"272":{"start":{"line":273,"column":0},"end":{"line":273,"column":51}},"273":{"start":{"line":274,"column":0},"end":{"line":274,"column":56}},"274":{"start":{"line":275,"column":0},"end":{"line":275,"column":50}},"275":{"start":{"line":276,"column":0},"end":{"line":276,"column":56}},"276":{"start":{"line":277,"column":0},"end":{"line":277,"column":29}},"277":{"start":{"line":278,"column":0},"end":{"line":278,"column":52}},"278":{"start":{"line":279,"column":0},"end":{"line":279,"column":54}},"279":{"start":{"line":280,"column":0},"end":{"line":280,"column":38}},"280":{"start":{"line":281,"column":0},"end":{"line":281,"column":25}},"281":{"start":{"line":282,"column":0},"end":{"line":282,"column":71}},"282":{"start":{"line":283,"column":0},"end":{"line":283,"column":55}},"283":{"start":{"line":284,"column":0},"end":{"line":284,"column":27}},"284":{"start":{"line":285,"column":0},"end":{"line":285,"column":27}},"285":{"start":{"line":286,"column":0},"end":{"line":286,"column":34}},"286":{"start":{"line":287,"column":0},"end":{"line":287,"column":63}},"287":{"start":{"line":288,"column":0},"end":{"line":288,"column":24}},"288":{"start":{"line":289,"column":0},"end":{"line":289,"column":41}},"289":{"start":{"line":290,"column":0},"end":{"line":290,"column":15}},"290":{"start":{"line":291,"column":0},"end":{"line":291,"column":51}},"291":{"start":{"line":292,"column":0},"end":{"line":292,"column":64}},"292":{"start":{"line":293,"column":0},"end":{"line":293,"column":54}},"293":{"start":{"line":294,"column":0},"end":{"line":294,"column":52}},"294":{"start":{"line":295,"column":0},"end":{"line":295,"column":29}},"295":{"start":{"line":296,"column":0},"end":{"line":296,"column":52}},"296":{"start":{"line":297,"column":0},"end":{"line":297,"column":55}},"297":{"start":{"line":298,"column":0},"end":{"line":298,"column":38}},"298":{"start":{"line":299,"column":0},"end":{"line":299,"column":25}},"299":{"start":{"line":300,"column":0},"end":{"line":300,"column":16}},"300":{"start":{"line":301,"column":0},"end":{"line":301,"column":32}},"301":{"start":{"line":302,"column":0},"end":{"line":302,"column":71}},"302":{"start":{"line":303,"column":0},"end":{"line":303,"column":59}},"303":{"start":{"line":304,"column":0},"end":{"line":304,"column":27}},"304":{"start":{"line":305,"column":0},"end":{"line":305,"column":33}},"305":{"start":{"line":306,"column":0},"end":{"line":306,"column":62}},"306":{"start":{"line":307,"column":0},"end":{"line":307,"column":27}},"307":{"start":{"line":308,"column":0},"end":{"line":308,"column":34}},"308":{"start":{"line":309,"column":0},"end":{"line":309,"column":24}},"309":{"start":{"line":310,"column":0},"end":{"line":310,"column":16}},"310":{"start":{"line":311,"column":0},"end":{"line":311,"column":52}},"311":{"start":{"line":312,"column":0},"end":{"line":312,"column":44}},"312":{"start":{"line":313,"column":0},"end":{"line":313,"column":38}},"313":{"start":{"line":314,"column":0},"end":{"line":314,"column":25}},"314":{"start":{"line":315,"column":0},"end":{"line":315,"column":71}},"315":{"start":{"line":316,"column":0},"end":{"line":316,"column":59}},"316":{"start":{"line":317,"column":0},"end":{"line":317,"column":27}},"317":{"start":{"line":318,"column":0},"end":{"line":318,"column":33}},"318":{"start":{"line":319,"column":0},"end":{"line":319,"column":62}},"319":{"start":{"line":320,"column":0},"end":{"line":320,"column":27}},"320":{"start":{"line":321,"column":0},"end":{"line":321,"column":35}},"321":{"start":{"line":322,"column":0},"end":{"line":322,"column":24}},"322":{"start":{"line":323,"column":0},"end":{"line":323,"column":16}},"323":{"start":{"line":324,"column":0},"end":{"line":324,"column":52}},"324":{"start":{"line":325,"column":0},"end":{"line":325,"column":44}},"325":{"start":{"line":326,"column":0},"end":{"line":326,"column":38}},"326":{"start":{"line":327,"column":0},"end":{"line":327,"column":25}},"327":{"start":{"line":328,"column":0},"end":{"line":328,"column":16}},"328":{"start":{"line":329,"column":0},"end":{"line":329,"column":32}},"329":{"start":{"line":330,"column":0},"end":{"line":330,"column":71}},"330":{"start":{"line":331,"column":0},"end":{"line":331,"column":57}},"331":{"start":{"line":332,"column":0},"end":{"line":332,"column":27}},"332":{"start":{"line":333,"column":0},"end":{"line":333,"column":31}},"333":{"start":{"line":334,"column":0},"end":{"line":334,"column":60}},"334":{"start":{"line":335,"column":0},"end":{"line":335,"column":27}},"335":{"start":{"line":336,"column":0},"end":{"line":336,"column":24}},"336":{"start":{"line":337,"column":0},"end":{"line":337,"column":16}},"337":{"start":{"line":338,"column":0},"end":{"line":338,"column":52}},"338":{"start":{"line":339,"column":0},"end":{"line":339,"column":43}},"339":{"start":{"line":340,"column":0},"end":{"line":340,"column":38}},"340":{"start":{"line":341,"column":0},"end":{"line":341,"column":25}},"341":{"start":{"line":342,"column":0},"end":{"line":342,"column":71}},"342":{"start":{"line":343,"column":0},"end":{"line":343,"column":57}},"343":{"start":{"line":344,"column":0},"end":{"line":344,"column":27}},"344":{"start":{"line":345,"column":0},"end":{"line":345,"column":31}},"345":{"start":{"line":346,"column":0},"end":{"line":346,"column":60}},"346":{"start":{"line":347,"column":0},"end":{"line":347,"column":27}},"347":{"start":{"line":348,"column":0},"end":{"line":348,"column":24}},"348":{"start":{"line":349,"column":0},"end":{"line":349,"column":16}},"349":{"start":{"line":350,"column":0},"end":{"line":350,"column":52}},"350":{"start":{"line":351,"column":0},"end":{"line":351,"column":44}},"351":{"start":{"line":352,"column":0},"end":{"line":352,"column":38}},"352":{"start":{"line":353,"column":0},"end":{"line":353,"column":25}},"353":{"start":{"line":354,"column":0},"end":{"line":354,"column":16}},"354":{"start":{"line":355,"column":0},"end":{"line":355,"column":15}},"355":{"start":{"line":356,"column":0},"end":{"line":356,"column":50}},"356":{"start":{"line":357,"column":0},"end":{"line":357,"column":16}},"357":{"start":{"line":358,"column":0},"end":{"line":358,"column":0}},"358":{"start":{"line":359,"column":0},"end":{"line":359,"column":52}},"359":{"start":{"line":360,"column":0},"end":{"line":360,"column":15}},"360":{"start":{"line":361,"column":0},"end":{"line":361,"column":12}},"361":{"start":{"line":362,"column":0},"end":{"line":362,"column":10}},"362":{"start":{"line":363,"column":0},"end":{"line":363,"column":4}},"363":{"start":{"line":364,"column":0},"end":{"line":364,"column":2}},"364":{"start":{"line":365,"column":0},"end":{"line":365,"column":0}},"365":{"start":{"line":366,"column":0},"end":{"line":366,"column":24}}},"s":{"0":1,"1":1,"2":1,"3":1,"4":1,"5":1,"6":1,"7":1,"8":1,"9":1,"10":1,"11":1,"12":1,"13":8,"14":8,"15":8,"16":8,"17":8,"18":8,"19":8,"20":8,"21":8,"22":8,"23":8,"24":8,"25":8,"26":8,"27":0,"28":0,"29":0,"30":0,"31":0,"32":0,"33":0,"34":0,"35":0,"36":0,"37":0,"38":0,"39":0,"40":0,"41":8,"42":8,"43":8,"44":0,"45":0,"46":0,"47":0,"48":0,"49":0,"50":0,"51":0,"52":0,"53":0,"54":0,"55":0,"56":0,"57":0,"58":0,"59":0,"60":0,"61":0,"62":0,"63":0,"64":0,"65":0,"66":0,"67":0,"68":0,"69":0,"70":0,"71":0,"72":0,"73":0,"74":0,"75":0,"76":0,"77":0,"78":0,"79":0,"80":0,"81":0,"82":0,"83":0,"84":0,"85":0,"86":0,"87":0,"88":0,"89":0,"90":0,"91":0,"92":0,"93":0,"94":0,"95":0,"96":0,"97":0,"98":0,"99":0,"100":0,"101":0,"102":0,"103":0,"104":0,"105":0,"106":0,"107":0,"108":0,"109":0,"110":0,"111":0,"112":0,"113":0,"114":0,"115":0,"116":0,"117":0,"118":0,"119":0,"120":0,"121":0,"122":0,"123":0,"124":0,"125":0,"126":0,"127":0,"128":0,"129":0,"130":0,"131":0,"132":0,"133":0,"134":0,"135":0,"136":0,"137":0,"138":0,"139":0,"140":0,"141":0,"142":0,"143":0,"144":0,"145":0,"146":0,"147":0,"148":0,"149":0,"150":0,"151":0,"152":0,"153":0,"154":0,"155":0,"156":0,"157":0,"158":0,"159":0,"160":0,"161":0,"162":0,"163":0,"164":0,"165":0,"166":0,"167":0,"168":0,"169":0,"170":0,"171":0,"172":0,"173":0,"174":0,"175":0,"176":0,"177":0,"178":0,"179":0,"180":0,"181":0,"182":0,"183":0,"184":0,"185":0,"186":0,"187":0,"188":0,"189":0,"190":0,"191":0,"192":0,"193":0,"194":0,"195":0,"196":0,"197":0,"198":0,"199":0,"200":0,"201":0,"202":0,"203":0,"204":0,"205":0,"206":0,"207":0,"208":0,"209":0,"210":0,"211":0,"212":0,"213":0,"214":0,"215":0,"216":0,"217":0,"218":0,"219":0,"220":0,"221":0,"222":0,"223":0,"224":0,"225":0,"226":0,"227":0,"228":0,"229":0,"230":0,"231":0,"232":0,"233":0,"234":0,"235":0,"236":0,"237":0,"238":0,"239":0,"240":0,"241":0,"242":0,"243":0,"244":0,"245":0,"246":0,"247":0,"248":8,"249":8,"250":8,"251":8,"252":8,"253":8,"254":8,"255":8,"256":8,"257":8,"258":8,"259":8,"260":8,"261":8,"262":8,"263":8,"264":8,"265":8,"266":8,"267":8,"268":8,"269":8,"270":8,"271":8,"272":8,"273":8,"274":8,"275":8,"276":8,"277":8,"278":8,"279":8,"280":8,"281":8,"282":8,"283":8,"284":8,"285":8,"286":8,"287":8,"288":8,"289":8,"290":8,"291":8,"292":8,"293":8,"294":8,"295":8,"296":8,"297":8,"298":8,"299":8,"300":8,"301":8,"302":8,"303":8,"304":8,"305":8,"306":8,"307":8,"308":8,"309":8,"310":8,"311":8,"312":8,"313":8,"314":8,"315":8,"316":8,"317":8,"318":8,"319":8,"320":8,"321":8,"322":8,"323":8,"324":8,"325":8,"326":8,"327":8,"328":8,"329":8,"330":8,"331":8,"332":8,"333":8,"334":8,"335":8,"336":8,"337":8,"338":8,"339":8,"340":8,"341":8,"342":8,"343":8,"344":8,"345":8,"346":8,"347":8,"348":8,"349":8,"350":8,"351":8,"352":8,"353":8,"354":8,"355":8,"356":8,"357":8,"358":8,"359":8,"360":8,"361":8,"362":8,"363":8,"364":1,"365":1},"branchMap":{"0":{"type":"branch","line":13,"loc":{"start":{"line":13,"column":17},"end":{"line":364,"column":2}},"locations":[{"start":{"line":13,"column":17},"end":{"line":364,"column":2}}]}},"b":{"0":[8]},"fnMap":{"0":{"name":"RideForm","decl":{"start":{"line":13,"column":17},"end":{"line":364,"column":2}},"loc":{"start":{"line":13,"column":17},"end":{"line":364,"column":2}},"line":13},"1":{"name":"firebaseTest","decl":{"start":{"line":27,"column":2},"end":{"line":41,"column":3}},"loc":{"start":{"line":27,"column":2},"end":{"line":41,"column":3}},"line":27},"2":{"name":"runAlgorithm","decl":{"start":{"line":44,"column":2},"end":{"line":248,"column":3}},"loc":{"start":{"line":44,"column":2},"end":{"line":248,"column":3}},"line":44},"3":{"name":"onChange","decl":{"start":{"line":269,"column":26},"end":{"line":269,"column":65}},"loc":{"start":{"line":269,"column":26},"end":{"line":269,"column":65}},"line":269},"4":{"name":"onChange","decl":{"start":{"line":287,"column":26},"end":{"line":287,"column":63}},"loc":{"start":{"line":287,"column":26},"end":{"line":287,"column":63}},"line":287},"5":{"name":"onChange","decl":{"start":{"line":306,"column":26},"end":{"line":306,"column":62}},"loc":{"start":{"line":306,"column":26},"end":{"line":306,"column":62}},"line":306},"6":{"name":"onChange","decl":{"start":{"line":319,"column":26},"end":{"line":319,"column":62}},"loc":{"start":{"line":319,"column":26},"end":{"line":319,"column":62}},"line":319},"7":{"name":"onChange","decl":{"start":{"line":334,"column":26},"end":{"line":334,"column":60}},"loc":{"start":{"line":334,"column":26},"end":{"line":334,"column":60}},"line":334},"8":{"name":"onChange","decl":{"start":{"line":346,"column":26},"end":{"line":346,"column":60}},"loc":{"start":{"line":346,"column":26},"end":{"line":346,"column":60}},"line":346}},"f":{"0":8,"1":0,"2":0,"3":0,"4":0,"5":0,"6":0,"7":0,"8":0}}
,"C:\\Users\\gerar\\Documents\\CS\\CS 394\\SafeSplit\\src\\utilities\\FireBase.js": {"path":"C:\\Users\\gerar\\Documents\\CS\\CS 394\\SafeSplit\\src\\utilities\\FireBase.js","all":false,"statementMap":{"0":{"start":{"line":1,"column":0},"end":{"line":1,"column":55}},"1":{"start":{"line":2,"column":0},"end":{"line":2,"column":74}},"2":{"start":{"line":3,"column":0},"end":{"line":3,"column":79}},"3":{"start":{"line":4,"column":0},"end":{"line":4,"column":56}},"4":{"start":{"line":5,"column":0},"end":{"line":5,"column":77}},"5":{"start":{"line":6,"column":0},"end":{"line":6,"column":78}},"6":{"start":{"line":7,"column":0},"end":{"line":7,"column":0}},"7":{"start":{"line":8,"column":0},"end":{"line":8,"column":40}},"8":{"start":{"line":9,"column":0},"end":{"line":9,"column":67}},"9":{"start":{"line":10,"column":0},"end":{"line":10,"column":24}},"10":{"start":{"line":11,"column":0},"end":{"line":11,"column":52}},"11":{"start":{"line":12,"column":0},"end":{"line":12,"column":48}},"12":{"start":{"line":13,"column":0},"end":{"line":13,"column":69}},"13":{"start":{"line":14,"column":0},"end":{"line":14,"column":31}},"14":{"start":{"line":15,"column":0},"end":{"line":15,"column":47}},"15":{"start":{"line":16,"column":0},"end":{"line":16,"column":36}},"16":{"start":{"line":17,"column":0},"end":{"line":17,"column":53}},"17":{"start":{"line":18,"column":0},"end":{"line":18,"column":32}},"18":{"start":{"line":19,"column":0},"end":{"line":19,"column":2}},"19":{"start":{"line":20,"column":0},"end":{"line":20,"column":0}},"20":{"start":{"line":21,"column":0},"end":{"line":21,"column":22}},"21":{"start":{"line":22,"column":0},"end":{"line":22,"column":42}},"22":{"start":{"line":23,"column":0},"end":{"line":23,"column":36}},"23":{"start":{"line":24,"column":0},"end":{"line":24,"column":28}},"24":{"start":{"line":25,"column":0},"end":{"line":25,"column":0}},"25":{"start":{"line":26,"column":0},"end":{"line":26,"column":52}},"26":{"start":{"line":27,"column":0},"end":{"line":27,"column":29}},"27":{"start":{"line":28,"column":0},"end":{"line":28,"column":0}},"28":{"start":{"line":29,"column":0},"end":{"line":29,"column":36}},"29":{"start":{"line":30,"column":0},"end":{"line":30,"column":0}},"30":{"start":{"line":31,"column":0},"end":{"line":31,"column":40}},"31":{"start":{"line":32,"column":0},"end":{"line":32,"column":40}},"32":{"start":{"line":33,"column":0},"end":{"line":33,"column":30}},"33":{"start":{"line":34,"column":0},"end":{"line":34,"column":7}},"34":{"start":{"line":35,"column":0},"end":{"line":35,"column":4}},"35":{"start":{"line":36,"column":0},"end":{"line":36,"column":2}},"36":{"start":{"line":37,"column":0},"end":{"line":37,"column":34}},"37":{"start":{"line":38,"column":0},"end":{"line":38,"column":0}},"38":{"start":{"line":39,"column":0},"end":{"line":39,"column":61}},"39":{"start":{"line":40,"column":0},"end":{"line":40,"column":0}},"40":{"start":{"line":41,"column":0},"end":{"line":41,"column":22}},"41":{"start":{"line":42,"column":0},"end":{"line":42,"column":2}},"42":{"start":{"line":43,"column":0},"end":{"line":43,"column":0}},"43":{"start":{"line":44,"column":0},"end":{"line":44,"column":44}},"44":{"start":{"line":45,"column":0},"end":{"line":45,"column":26}},"45":{"start":{"line":46,"column":0},"end":{"line":46,"column":28}},"46":{"start":{"line":47,"column":0},"end":{"line":47,"column":24}},"47":{"start":{"line":48,"column":0},"end":{"line":48,"column":37}},"48":{"start":{"line":49,"column":0},"end":{"line":49,"column":72}},"49":{"start":{"line":50,"column":0},"end":{"line":50,"column":37}},"50":{"start":{"line":51,"column":0},"end":{"line":51,"column":43}},"51":{"start":{"line":52,"column":0},"end":{"line":52,"column":13}},"52":{"start":{"line":53,"column":0},"end":{"line":53,"column":0}},"53":{"start":{"line":54,"column":0},"end":{"line":54,"column":11}},"54":{"start":{"line":55,"column":0},"end":{"line":55,"column":12}},"55":{"start":{"line":56,"column":0},"end":{"line":56,"column":19}},"56":{"start":{"line":57,"column":0},"end":{"line":57,"column":17}},"57":{"start":{"line":58,"column":0},"end":{"line":58,"column":16}},"58":{"start":{"line":59,"column":0},"end":{"line":59,"column":23}},"59":{"start":{"line":60,"column":0},"end":{"line":60,"column":21}},"60":{"start":{"line":61,"column":0},"end":{"line":61,"column":13}},"61":{"start":{"line":62,"column":0},"end":{"line":62,"column":15}},"62":{"start":{"line":63,"column":0},"end":{"line":63,"column":14}},"63":{"start":{"line":64,"column":0},"end":{"line":64,"column":0}},"64":{"start":{"line":65,"column":0},"end":{"line":65,"column":24}},"65":{"start":{"line":66,"column":0},"end":{"line":66,"column":74}},"66":{"start":{"line":67,"column":0},"end":{"line":67,"column":70}},"67":{"start":{"line":68,"column":0},"end":{"line":68,"column":20}},"68":{"start":{"line":69,"column":0},"end":{"line":69,"column":19}},"69":{"start":{"line":70,"column":0},"end":{"line":70,"column":17}},"70":{"start":{"line":71,"column":0},"end":{"line":71,"column":21}},"71":{"start":{"line":72,"column":0},"end":{"line":72,"column":19}},"72":{"start":{"line":73,"column":0},"end":{"line":73,"column":13}},"73":{"start":{"line":74,"column":0},"end":{"line":74,"column":18}},"74":{"start":{"line":75,"column":0},"end":{"line":75,"column":15}},"75":{"start":{"line":76,"column":0},"end":{"line":76,"column":12}},"76":{"start":{"line":77,"column":0},"end":{"line":77,"column":17}},"77":{"start":{"line":78,"column":0},"end":{"line":78,"column":9}},"78":{"start":{"line":79,"column":0},"end":{"line":79,"column":5}},"79":{"start":{"line":80,"column":0},"end":{"line":80,"column":60}},"80":{"start":{"line":81,"column":0},"end":{"line":81,"column":3}},"81":{"start":{"line":82,"column":0},"end":{"line":82,"column":0}},"82":{"start":{"line":83,"column":0},"end":{"line":83,"column":26}},"83":{"start":{"line":84,"column":0},"end":{"line":84,"column":37}},"84":{"start":{"line":85,"column":0},"end":{"line":85,"column":71}},"85":{"start":{"line":86,"column":0},"end":{"line":86,"column":79}},"86":{"start":{"line":87,"column":0},"end":{"line":87,"column":0}},"87":{"start":{"line":88,"column":0},"end":{"line":88,"column":11}},"88":{"start":{"line":89,"column":0},"end":{"line":89,"column":16}},"89":{"start":{"line":90,"column":0},"end":{"line":90,"column":14}},"90":{"start":{"line":91,"column":0},"end":{"line":91,"column":19}},"91":{"start":{"line":92,"column":0},"end":{"line":92,"column":17}},"92":{"start":{"line":93,"column":0},"end":{"line":93,"column":13}},"93":{"start":{"line":94,"column":0},"end":{"line":94,"column":13}},"94":{"start":{"line":95,"column":0},"end":{"line":95,"column":13}},"95":{"start":{"line":96,"column":0},"end":{"line":96,"column":14}},"96":{"start":{"line":97,"column":0},"end":{"line":97,"column":0}},"97":{"start":{"line":98,"column":0},"end":{"line":98,"column":27}},"98":{"start":{"line":99,"column":0},"end":{"line":99,"column":0}},"99":{"start":{"line":100,"column":0},"end":{"line":100,"column":42}},"100":{"start":{"line":101,"column":0},"end":{"line":101,"column":42}},"101":{"start":{"line":102,"column":0},"end":{"line":102,"column":42}},"102":{"start":{"line":103,"column":0},"end":{"line":103,"column":0}},"103":{"start":{"line":104,"column":0},"end":{"line":104,"column":34}},"104":{"start":{"line":105,"column":0},"end":{"line":105,"column":67}},"105":{"start":{"line":106,"column":0},"end":{"line":106,"column":63}},"106":{"start":{"line":107,"column":0},"end":{"line":107,"column":22}},"107":{"start":{"line":108,"column":0},"end":{"line":108,"column":19}},"108":{"start":{"line":109,"column":0},"end":{"line":109,"column":17}},"109":{"start":{"line":110,"column":0},"end":{"line":110,"column":21}},"110":{"start":{"line":111,"column":0},"end":{"line":111,"column":19}},"111":{"start":{"line":112,"column":0},"end":{"line":112,"column":17}},"112":{"start":{"line":113,"column":0},"end":{"line":113,"column":12}},"113":{"start":{"line":114,"column":0},"end":{"line":114,"column":9}},"114":{"start":{"line":115,"column":0},"end":{"line":115,"column":5}},"115":{"start":{"line":116,"column":0},"end":{"line":116,"column":0}},"116":{"start":{"line":117,"column":0},"end":{"line":117,"column":62}},"117":{"start":{"line":118,"column":0},"end":{"line":118,"column":3}},"118":{"start":{"line":119,"column":0},"end":{"line":119,"column":0}},"119":{"start":{"line":120,"column":0},"end":{"line":120,"column":10}},"120":{"start":{"line":121,"column":0},"end":{"line":121,"column":21}},"121":{"start":{"line":122,"column":0},"end":{"line":122,"column":25}},"122":{"start":{"line":123,"column":0},"end":{"line":123,"column":37}},"123":{"start":{"line":124,"column":0},"end":{"line":124,"column":41}},"124":{"start":{"line":125,"column":0},"end":{"line":125,"column":4}},"125":{"start":{"line":126,"column":0},"end":{"line":126,"column":2}},"126":{"start":{"line":127,"column":0},"end":{"line":127,"column":0}},"127":{"start":{"line":128,"column":0},"end":{"line":128,"column":37}}},"s":{"0":1,"1":1,"2":1,"3":1,"4":1,"5":1,"6":1,"7":1,"8":1,"9":1,"10":1,"11":1,"12":1,"13":1,"14":1,"15":1,"16":1,"17":1,"18":1,"19":1,"20":1,"21":1,"22":1,"23":1,"24":1,"25":1,"26":1,"27":6,"28":6,"29":6,"30":6,"31":6,"32":0,"33":6,"34":6,"35":6,"36":6,"37":0,"38":0,"39":0,"40":0,"41":0,"42":1,"43":1,"44":8,"45":8,"46":8,"47":8,"48":8,"49":0,"50":0,"51":0,"52":0,"53":0,"54":0,"55":0,"56":0,"57":0,"58":0,"59":0,"60":0,"61":0,"62":0,"63":0,"64":0,"65":0,"66":0,"67":0,"68":0,"69":0,"70":0,"71":0,"72":0,"73":0,"74":0,"75":0,"76":0,"77":0,"78":0,"79":0,"80":0,"81":8,"82":8,"83":8,"84":8,"85":0,"86":0,"87":0,"88":0,"89":0,"90":0,"91":0,"92":0,"93":0,"94":0,"95":0,"96":0,"97":0,"98":0,"99":0,"100":0,"101":0,"102":0,"103":0,"104":0,"105":0,"106":0,"107":0,"108":0,"109":0,"110":0,"111":0,"112":0,"113":0,"114":0,"115":0,"116":0,"117":0,"118":8,"119":8,"120":8,"121":8,"122":8,"123":8,"124":8,"125":8,"126":1,"127":1},"branchMap":{"0":{"type":"branch","line":27,"loc":{"start":{"line":27,"column":16},"end":{"line":42,"column":2}},"locations":[{"start":{"line":27,"column":16},"end":{"line":42,"column":2}}]},"1":{"type":"branch","line":38,"loc":{"start":{"line":38,"column":-2},"end":{"line":42,"column":2}},"locations":[{"start":{"line":38,"column":-2},"end":{"line":42,"column":2}}]},"2":{"type":"branch","line":31,"loc":{"start":{"line":31,"column":26},"end":{"line":35,"column":3}},"locations":[{"start":{"line":31,"column":26},"end":{"line":35,"column":3}}]},"3":{"type":"branch","line":44,"loc":{"start":{"line":44,"column":19},"end":{"line":126,"column":2}},"locations":[{"start":{"line":44,"column":19},"end":{"line":126,"column":2}}]},"4":{"type":"branch","line":49,"loc":{"start":{"line":49,"column":71},"end":{"line":81,"column":3}},"locations":[{"start":{"line":49,"column":71},"end":{"line":81,"column":3}}]},"5":{"type":"branch","line":85,"loc":{"start":{"line":85,"column":70},"end":{"line":118,"column":3}},"locations":[{"start":{"line":85,"column":70},"end":{"line":118,"column":3}}]}},"b":{"0":[6],"1":[0],"2":[6],"3":[8],"4":[0],"5":[0]},"fnMap":{"0":{"name":"FetchData","decl":{"start":{"line":27,"column":16},"end":{"line":42,"column":2}},"loc":{"start":{"line":27,"column":16},"end":{"line":42,"column":2}},"line":27},"1":{"name":"formatData","decl":{"start":{"line":44,"column":19},"end":{"line":126,"column":2}},"loc":{"start":{"line":44,"column":19},"end":{"line":126,"column":2}},"line":44}},"f":{"0":6,"1":8}}
}
